{
  "RSpec": {
    "coverage": {
      "/Users/richtx214/Projects/ticketee/app/models/user.rb": [
        1,
        null,
        null,
        1,
        null,
        null,
        null,
        null,
        1,
        1,
        null,
        null,
        1,
        null,
        1,
        48,
        null,
        null,
        null
      ],
      "/Users/richtx214/Projects/ticketee/app/controllers/application_controller.rb": [
        1,
        1,
        null,
        1,
        null,
        1,
        null,
        1,
        95,
        95,
        6,
        6,
        null,
        null,
        null,
        1,
        448,
        null,
        null,
        null
      ],
      "/Users/richtx214/Projects/ticketee/app/helpers/application_helper.rb": [
        1,
        1,
        39,
        39,
        39,
        null,
        null,
        null,
        null,
        1,
        386,
        null,
        null,
        1,
        41,
        132,
        null,
        null
      ],
      "/Users/richtx214/Projects/ticketee/app/helpers/admin/permissions_helper.rb": [
        1,
        1,
        null,
        null,
        null,
        null,
        null,
        null,
        20,
        null,
        null
      ],
      "/Users/richtx214/Projects/ticketee/app/helpers/admin/states_helper.rb": [
        1,
        null
      ],
      "/Users/richtx214/Projects/ticketee/app/helpers/admin/users_helper.rb": [
        1,
        null
      ],
      "/Users/richtx214/Projects/ticketee/app/helpers/comments_helper.rb": [
        1,
        null
      ],
      "/Users/richtx214/Projects/ticketee/app/helpers/files_helper.rb": [
        1,
        null
      ],
      "/Users/richtx214/Projects/ticketee/app/helpers/projects_helper.rb": [
        1,
        null
      ],
      "/Users/richtx214/Projects/ticketee/app/helpers/tickets_helper.rb": [
        1,
        1,
        4,
        4,
        2,
        2,
        0,
        null,
        2,
        null,
        null,
        null,
        null,
        null
      ],
      "/Users/richtx214/Projects/ticketee/app/helpers/users_helper.rb": [
        1,
        null
      ],
      "/Users/richtx214/Projects/ticketee/app/controllers/admin/base_controller.rb": [
        1,
        1,
        null,
        1,
        null,
        null,
        null
      ],
      "/Users/richtx214/Projects/ticketee/app/controllers/admin/permissions_controller.rb": [
        1,
        1,
        null,
        1,
        10,
        10,
        null,
        null,
        1,
        5,
        5,
        5,
        5,
        9,
        null,
        null,
        null,
        null,
        5,
        5,
        null,
        null,
        1,
        null,
        1,
        15,
        null,
        null,
        null
      ],
      "/Users/richtx214/Projects/ticketee/app/models/permission.rb": [
        1,
        1,
        1,
        1,
        null
      ],
      "/Users/richtx214/Projects/ticketee/app/controllers/admin/states_controller.rb": [
        1,
        null,
        1,
        4,
        null,
        null,
        1,
        1,
        null,
        null,
        1,
        1,
        1,
        1,
        1,
        null,
        0,
        0,
        null,
        null,
        null,
        1,
        1,
        1,
        null,
        1,
        1,
        null,
        null,
        null
      ],
      "/Users/richtx214/Projects/ticketee/app/models/state.rb": [
        1,
        1,
        null,
        1,
        4,
        null,
        null,
        1,
        1,
        1,
        1,
        null,
        1,
        1,
        1,
        null,
        null,
        null,
        null,
        null
      ],
      "/Users/richtx214/Projects/ticketee/app/controllers/admin/users_controller.rb": [
        1,
        1,
        null,
        1,
        19,
        null,
        null,
        1,
        null,
        null,
        1,
        3,
        null,
        null,
        1,
        3,
        3,
        2,
        2,
        null,
        1,
        1,
        null,
        null,
        null,
        1,
        null,
        null,
        1,
        3,
        3,
        3,
        3,
        null,
        null,
        3,
        2,
        2,
        null,
        1,
        1,
        null,
        null,
        null,
        1,
        2,
        1,
        null,
        1,
        1,
        null,
        null,
        2,
        null,
        null,
        1,
        1,
        18,
        null,
        null,
        null
      ],
      "/Users/richtx214/Projects/ticketee/app/controllers/comments_controller.rb": [
        1,
        1,
        1,
        null,
        1,
        6,
        4,
        null,
        6,
        6,
        6,
        5,
        5,
        null,
        1,
        1,
        1,
        null,
        null,
        null,
        1,
        null,
        1,
        6,
        null,
        null,
        null
      ],
      "/Users/richtx214/Projects/ticketee/app/models/comment.rb": [
        1,
        1,
        1,
        null,
        1,
        1,
        null,
        1,
        1,
        1,
        1,
        1,
        null,
        1,
        null,
        1,
        null,
        1,
        null,
        1,
        5,
        5,
        null,
        null,
        1,
        5,
        null,
        null,
        1,
        5,
        4,
        1,
        null,
        4,
        4,
        null,
        null,
        null,
        null
      ],
      "/Users/richtx214/Projects/ticketee/app/controllers/files_controller.rb": [
        1,
        1,
        1,
        2,
        2,
        1,
        null,
        null,
        null,
        1,
        1,
        null,
        null,
        null,
        1,
        1,
        1,
        null,
        null,
        1,
        null,
        null
      ],
      "/Users/richtx214/Projects/ticketee/app/controllers/projects_controller.rb": [
        1,
        1,
        1,
        1,
        null,
        null,
        null,
        null,
        1,
        95,
        null,
        null,
        1,
        2,
        null,
        null,
        1,
        2,
        2,
        1,
        1,
        null,
        1,
        1,
        null,
        null,
        null,
        1,
        null,
        null,
        null,
        1,
        null,
        null,
        null,
        1,
        null,
        2,
        1,
        1,
        null,
        1,
        1,
        null,
        null,
        null,
        1,
        null,
        1,
        1,
        1,
        null,
        null,
        1,
        null,
        1,
        48,
        null,
        4,
        null,
        4,
        null,
        null
      ],
      "/Users/richtx214/Projects/ticketee/app/models/project.rb": [
        1,
        1,
        null,
        1,
        null,
        1,
        null,
        1,
        1,
        138,
        null,
        null,
        null,
        1,
        203,
        null,
        null,
        null
      ],
      "/Users/richtx214/Projects/ticketee/app/controllers/registrations_controllers.rb": [
        1,
        null,
        1,
        null,
        1,
        1,
        null,
        null
      ],
      "/Users/richtx214/Projects/ticketee/app/controllers/tickets_controller.rb": [
        1,
        1,
        1,
        1,
        1,
        1,
        1,
        null,
        1,
        8,
        8,
        null,
        null,
        1,
        8,
        8,
        8,
        6,
        6,
        null,
        2,
        2,
        null,
        null,
        null,
        1,
        30,
        30,
        null,
        null,
        1,
        null,
        null,
        null,
        1,
        3,
        2,
        2,
        null,
        1,
        1,
        null,
        null,
        null,
        1,
        2,
        2,
        2,
        null,
        null,
        1,
        1,
        60,
        null,
        1,
        1,
        null,
        null,
        1,
        41,
        null,
        null,
        1,
        18,
        2,
        2,
        null,
        null,
        null,
        1,
        8,
        2,
        2,
        null,
        null,
        null,
        1,
        3,
        1,
        1,
        null,
        null,
        null,
        null
      ],
      "/Users/richtx214/Projects/ticketee/app/models/ticket.rb": [
        1,
        null,
        1,
        1,
        1,
        null,
        1,
        1,
        null,
        1,
        1,
        null,
        1,
        1,
        null,
        1,
        1,
        null,
        null,
        1,
        null,
        1,
        null,
        1,
        46,
        6,
        2,
        null,
        null,
        null,
        null,
        null
      ],
      "/Users/richtx214/Projects/ticketee/app/controllers/users_controller.rb": [
        1,
        1,
        null,
        null
      ],
      "/Users/richtx214/Projects/ticketee/app/models/ability.rb": [
        1,
        1,
        null,
        1,
        114,
        159,
        null,
        null,
        55,
        null,
        null,
        null,
        null,
        null,
        1,
        0,
        null,
        null
      ],
      "/Users/richtx214/Projects/ticketee/app/models/asset.rb": [
        1,
        1,
        1,
        null,
        1,
        null
      ],
      "/Users/richtx214/Projects/ticketee/app/models/tag.rb": [
        1,
        1,
        null
      ]
    },
    "timestamp": 1366608172
  }
}
