{
  "RSpec": {
    "coverage": {
      "/Users/richtx214/Projects/ticketee/app/models/user.rb": [
        1,
        null,
        null,
        1,
        null,
        null,
        null,
        null,
        1,
        1,
        null,
        null,
        1,
        null,
        1,
        0,
        null,
        null,
        null
      ],
      "/Users/richtx214/Projects/ticketee/app/controllers/application_controller.rb": [
        1,
        1,
        null,
        1,
        null,
        1,
        null,
        1,
        0,
        0,
        0,
        0,
        null,
        null,
        null,
        1,
        47,
        null,
        null,
        null
      ],
      "/Users/richtx214/Projects/ticketee/app/helpers/application_helper.rb": [
        1,
        1,
        6,
        6,
        6,
        null,
        null,
        null,
        null,
        1,
        48,
        null,
        null,
        1,
        6,
        18,
        null,
        null
      ],
      "/Users/richtx214/Projects/ticketee/app/helpers/admin/permissions_helper.rb": [
        1,
        1,
        null,
        null,
        null,
        null,
        null,
        null,
        0,
        null,
        null
      ],
      "/Users/richtx214/Projects/ticketee/app/helpers/admin/states_helper.rb": [
        1,
        null
      ],
      "/Users/richtx214/Projects/ticketee/app/helpers/admin/users_helper.rb": [
        1,
        null
      ],
      "/Users/richtx214/Projects/ticketee/app/helpers/comments_helper.rb": [
        1,
        null
      ],
      "/Users/richtx214/Projects/ticketee/app/helpers/files_helper.rb": [
        1,
        null
      ],
      "/Users/richtx214/Projects/ticketee/app/helpers/projects_helper.rb": [
        1,
        null
      ],
      "/Users/richtx214/Projects/ticketee/app/helpers/tickets_helper.rb": [
        1,
        1,
        0,
        0,
        0,
        0,
        0,
        null,
        0,
        null,
        null,
        null,
        null,
        null
      ],
      "/Users/richtx214/Projects/ticketee/app/helpers/users_helper.rb": [
        1,
        null
      ],
      "/Users/richtx214/Projects/ticketee/app/controllers/admin/base_controller.rb": [
        1,
        1,
        null,
        1,
        null,
        null,
        null
      ],
      "/Users/richtx214/Projects/ticketee/app/controllers/admin/permissions_controller.rb": [
        1,
        1,
        null,
        1,
        0,
        0,
        null,
        null,
        1,
        0,
        0,
        0,
        0,
        0,
        null,
        null,
        null,
        null,
        0,
        0,
        null,
        null,
        1,
        null,
        1,
        0,
        null,
        null,
        null
      ],
      "/Users/richtx214/Projects/ticketee/app/models/permission.rb": [
        1,
        1,
        1,
        1,
        null
      ],
      "/Users/richtx214/Projects/ticketee/app/controllers/admin/states_controller.rb": [
        1,
        null,
        1,
        0,
        null,
        null,
        1,
        0,
        null,
        null,
        1,
        0,
        0,
        0,
        0,
        null,
        0,
        0,
        null,
        null,
        null,
        1,
        0,
        0,
        null,
        0,
        0,
        null,
        null,
        null
      ],
      "/Users/richtx214/Projects/ticketee/app/models/state.rb": [
        1,
        1,
        null,
        1,
        0,
        null,
        null,
        1,
        0,
        0,
        0,
        null,
        0,
        0,
        0,
        null,
        null,
        null,
        null,
        null
      ],
      "/Users/richtx214/Projects/ticketee/app/controllers/admin/users_controller.rb": [
        1,
        1,
        null,
        1,
        0,
        null,
        null,
        1,
        null,
        null,
        1,
        0,
        null,
        null,
        1,
        0,
        0,
        0,
        0,
        null,
        0,
        0,
        null,
        null,
        null,
        1,
        null,
        null,
        1,
        0,
        0,
        0,
        0,
        null,
        null,
        0,
        0,
        0,
        null,
        0,
        0,
        null,
        null,
        null,
        1,
        0,
        0,
        null,
        0,
        0,
        null,
        null,
        0,
        null,
        null,
        1,
        1,
        0,
        null,
        null,
        null
      ],
      "/Users/richtx214/Projects/ticketee/app/controllers/comments_controller.rb": [
        1,
        1,
        1,
        null,
        1,
        0,
        0,
        null,
        0,
        0,
        0,
        0,
        0,
        null,
        0,
        0,
        0,
        null,
        null,
        null,
        1,
        null,
        1,
        0,
        null,
        null,
        null
      ],
      "/Users/richtx214/Projects/ticketee/app/models/comment.rb": [
        1,
        1,
        null,
        1,
        1,
        null,
        1,
        1,
        1,
        1,
        1,
        null,
        1,
        null,
        1,
        null,
        1,
        0,
        null,
        null,
        1,
        0,
        0,
        null,
        null,
        null
      ],
      "/Users/richtx214/Projects/ticketee/app/controllers/files_controller.rb": [
        1,
        1,
        1,
        0,
        0,
        0,
        null,
        null,
        null,
        0,
        0,
        null,
        null,
        null,
        1,
        1,
        1,
        null,
        null,
        1,
        null,
        null
      ],
      "/Users/richtx214/Projects/ticketee/app/controllers/projects_controller.rb": [
        1,
        1,
        1,
        1,
        null,
        null,
        null,
        null,
        1,
        12,
        null,
        null,
        1,
        0,
        null,
        null,
        1,
        0,
        0,
        0,
        0,
        null,
        0,
        0,
        null,
        null,
        null,
        1,
        null,
        null,
        null,
        1,
        null,
        null,
        null,
        1,
        null,
        0,
        0,
        0,
        null,
        0,
        0,
        null,
        null,
        null,
        1,
        null,
        0,
        0,
        0,
        null,
        null,
        1,
        null,
        1,
        6,
        null,
        0,
        null,
        0,
        null,
        null
      ],
      "/Users/richtx214/Projects/ticketee/app/models/project.rb": [
        1,
        1,
        null,
        1,
        null,
        1,
        null,
        1,
        1,
        34,
        null,
        null,
        null,
        1,
        34,
        null,
        null,
        null
      ],
      "/Users/richtx214/Projects/ticketee/app/controllers/registrations_controllers.rb": [
        1,
        null,
        1,
        null,
        1,
        0,
        null,
        null
      ],
      "/Users/richtx214/Projects/ticketee/app/controllers/tickets_controller.rb": [
        1,
        1,
        1,
        1,
        1,
        1,
        1,
        null,
        1,
        6,
        6,
        null,
        null,
        1,
        6,
        6,
        6,
        4,
        4,
        null,
        2,
        2,
        null,
        null,
        null,
        1,
        4,
        4,
        null,
        null,
        1,
        null,
        null,
        null,
        1,
        0,
        0,
        0,
        null,
        0,
        0,
        null,
        null,
        null,
        1,
        0,
        0,
        0,
        null,
        null,
        1,
        1,
        16,
        null,
        0,
        0,
        null,
        null,
        1,
        4,
        null,
        null,
        1,
        12,
        0,
        0,
        null,
        null,
        null,
        1,
        0,
        0,
        0,
        null,
        null,
        null,
        1,
        0,
        0,
        0,
        null,
        null,
        null,
        null
      ],
      "/Users/richtx214/Projects/ticketee/app/models/ticket.rb": [
        1,
        null,
        1,
        1,
        1,
        null,
        1,
        1,
        null,
        1,
        1,
        null,
        1,
        1,
        null,
        1,
        1,
        null,
        null,
        1,
        null,
        1,
        null,
        1,
        4,
        4,
        2,
        null,
        null,
        null,
        null,
        null
      ],
      "/Users/richtx214/Projects/ticketee/app/controllers/users_controller.rb": [
        1,
        1,
        null,
        null
      ],
      "/Users/richtx214/Projects/ticketee/app/models/ability.rb": [
        1,
        1,
        null,
        1,
        22,
        44,
        null,
        null,
        18,
        null,
        null,
        null,
        null,
        null,
        1,
        0,
        null,
        null
      ],
      "/Users/richtx214/Projects/ticketee/app/models/asset.rb": [
        1,
        1,
        1,
        null,
        1,
        null
      ],
      "/Users/richtx214/Projects/ticketee/app/models/tag.rb": [
        1,
        1,
        null
      ]
    },
    "timestamp": 1364227763
  }
}
